<?xml version="1.0" encoding="UTF-8"?>
<!-- Generated by org.testng.reporters.JUnitReportReporter -->
<testsuite hostname="DESKTOP-H258E1F" failures="0" tests="1" name="com.appium.Planet" time="20.489" errors="0" timestamp="2021-09-10T14:38:26 IST" skipped="0">
  <testcase classname="com.appium.Planet" name="planet" time="20.489"/>
  <system-out/>
</testsuite> <!-- com.appium.Planet -->
