<?xml version="1.0" encoding="UTF-8"?>
<!-- Generated by org.testng.reporters.JUnitReportReporter -->
<testsuite hostname="DESKTOP-H258E1F" failures="0" tests="1" name="com.appium.SendValueInApiDemo" time="20.426" errors="0" timestamp="2021-09-07T23:12:49 IST" skipped="0">
  <testcase classname="com.appium.SendValueInApiDemo" name="sendValue" time="20.426"/>
  <system-out/>
</testsuite> <!-- com.appium.SendValueInApiDemo -->
