<?xml version="1.0" encoding="UTF-8"?>
<!-- Generated by org.testng.reporters.JUnitReportReporter -->
<testsuite hostname="DESKTOP-H258E1F" failures="0" tests="1" name="com.webdrivermethods.ToastMessage" time="45.106" errors="0" timestamp="2021-10-01T19:33:38 IST" skipped="0">
  <testcase classname="com.webdrivermethods.ToastMessage" name="toastMessage" time="45.106"/>
  <system-out/>
</testsuite> <!-- com.webdrivermethods.ToastMessage -->
