<?xml version="1.0" encoding="UTF-8"?>
<!-- Generated by org.testng.reporters.JUnitReportReporter -->
<testsuite hostname="DESKTOP-H258E1F" failures="0" tests="1" name="com.webdrivermethods.SwitchApp" time="16.425" errors="0" timestamp="2021-10-01T19:28:31 IST" skipped="0">
  <testcase classname="com.webdrivermethods.SwitchApp" name="switchApp" time="16.425"/>
  <system-out/>
</testsuite> <!-- com.webdrivermethods.SwitchApp -->
