<?xml version="1.0" encoding="UTF-8"?>
<!-- Generated by org.testng.reporters.JUnitReportReporter -->
<testsuite hostname="DESKTOP-H258E1F" failures="0" tests="1" name="com.appium.VerifyCartInProduct" time="11.507" errors="0" timestamp="2021-09-08T20:01:13 IST" skipped="0">
  <testcase classname="com.appium.VerifyCartInProduct" name="verifyCart" time="11.507"/>
  <system-out/>
</testsuite> <!-- com.appium.VerifyCartInProduct -->
