<?xml version="1.0" encoding="UTF-8"?>
<!-- Generated by org.testng.reporters.JUnitReportReporter -->
<testsuite hostname="DESKTOP-H258E1F" failures="0" tests="1" name="com.webdrivermethods.NetworkConnection" time="22.862" errors="1" timestamp="2021-10-01T19:18:11 IST" skipped="0">
  <testcase classname="com.webdrivermethods.NetworkConnection" name="network" time="22.862">
    <error message="An unknown server-side error occurred while processing the command. Original error: Error executing adbExec. Original error: &#039;Command &#039;C:\\Users\\Admin\\AppData\\Local\\Android\\Sdk\\platform-tools\\adb.exe -P 5037 -s db4cf023 shell am broadcast -a android.intent.action.AIRPLANE_MODE --ez state true&#039; exited with code 255&#039;; Stderr: &#039;Security exception: Permission Denial: not allowed to send broadcast android.intent.action.AIRPLANE_MODE from pid=29227, uid=2000

java.lang.SecurityException: Permission Denial: not allowed to send broadcast android.intent.action.AIRPLANE_MODE from pid=29227, uid=2000
	at com.android.server.am.ActivityManagerService.broadcastIntentLocked(ActivityManagerService.java:15351)
	at com.android.server.am.ActivityManagerService.broadcastIntentLocked(ActivityManagerService.java:15202)
	at com.android.server.am.ActivityManagerService.broadcastIntent(ActivityManagerService.java:15991)
	at com.android.server.am.ActivityManagerShellCommand.runSendBroadcast(ActivityManagerShellCommand.java:720)
	at com.android.server.am.ActivityManagerShellCommand.onCommand(ActivityManagerShellCommand.java:185)
	at android.os.ShellCommand.exec(ShellCommand.java:111)
	at com.android.server.am.ActivityManagerService.onShellCommand(ActivityManagerService.java:10093)
	at android.os.Binder.shellCommand(Binder.java:881)
	at android.os.Binder.onTransact(Binder.java:765)
	at android.app.IActivityManager$Stub.onTransact(IActivityManager.java:4727)
	at com.android.server.am.ActivityManagerService.onTransact(ActivityManagerService.java:2799)
	at android.os.Binder.execTransactInternal(Binder.java:1021)
	at android.os.Binder.execTransact(Binder.java:994)&#039;; Code: &#039;255&#039; (WARNING: The server did not provide any stacktrace information)
Command duration or timeout: 596 milliseconds
Build info: version: &#039;2.53.1&#039;, revision: &#039;a36b8b1cd5757287168e54b817830adce9b0158d&#039;, time: &#039;2016-06-30 19:26:09&#039;
System info: host: &#039;DESKTOP-H258E1F&#039;, ip: &#039;172.16.16.118&#039;, os.name: &#039;Windows 10&#039;, os.arch: &#039;amd64&#039;, os.version: &#039;10.0&#039;, java.version: &#039;16.0.1&#039;
Driver info: io.appium.java_client.android.AndroidDriver
Capabilities [{appPackage=com.androidsample.generalstore, statBarHeight=95, viewportRect={top=95, left=0, width=1080, height=2080}, deviceName=db4cf023, UDID=db4cf023, platform=LINUX, deviceUDID=db4cf023, desired={app=C:\\Users\\Admin\\Downloads\\General-Store.apk, noreset=true, platformVersion=10, automationName=appium, platformName=Android, deviceName=POCO X2, UDID=db4cf023}, platformVersion=10, webStorageEnabled=false, automationName=appium, takesScreenshot=true, javascriptEnabled=true, platformName=Android, deviceApiLevel=29, deviceManufacturer=Xiaomi, app=C:\\Users\\Admin\\Downloads\\General-Store.apk, deviceScreenSize=1080x2400, networkConnectionEnabled=true, noreset=true, warnings={}, databaseEnabled=false, pixelRatio=2.75, locationContextEnabled=false, deviceScreenDensity=440, deviceModel=POCO X2}]
Session ID: cd3f6090-20c6-4a4c-b291-772cab979de4" type="org.openqa.selenium.WebDriverException">
      <![CDATA[org.openqa.selenium.WebDriverException: An unknown server-side error occurred while processing the command. Original error: Error executing adbExec. Original error: 'Command 'C:\\Users\\Admin\\AppData\\Local\\Android\\Sdk\\platform-tools\\adb.exe -P 5037 -s db4cf023 shell am broadcast -a android.intent.action.AIRPLANE_MODE --ez state true' exited with code 255'; Stderr: 'Security exception: Permission Denial: not allowed to send broadcast android.intent.action.AIRPLANE_MODE from pid=29227, uid=2000

java.lang.SecurityException: Permission Denial: not allowed to send broadcast android.intent.action.AIRPLANE_MODE from pid=29227, uid=2000
at com.android.server.am.ActivityManagerService.broadcastIntentLocked(ActivityManagerService.java:15351)
at com.android.server.am.ActivityManagerService.broadcastIntentLocked(ActivityManagerService.java:15202)
at com.android.server.am.ActivityManagerService.broadcastIntent(ActivityManagerService.java:15991)
at com.android.server.am.ActivityManagerShellCommand.runSendBroadcast(ActivityManagerShellCommand.java:720)
at com.android.server.am.ActivityManagerShellCommand.onCommand(ActivityManagerShellCommand.java:185)
at android.os.ShellCommand.exec(ShellCommand.java:111)
at com.android.server.am.ActivityManagerService.onShellCommand(ActivityManagerService.java:10093)
at android.os.Binder.shellCommand(Binder.java:881)
at android.os.Binder.onTransact(Binder.java:765)
at android.app.IActivityManager$Stub.onTransact(IActivityManager.java:4727)
at com.android.server.am.ActivityManagerService.onTransact(ActivityManagerService.java:2799)
at android.os.Binder.execTransactInternal(Binder.java:1021)
at android.os.Binder.execTransact(Binder.java:994)'; Code: '255' (WARNING: The server did not provide any stacktrace information)
Command duration or timeout: 596 milliseconds
Build info: version: '2.53.1', revision: 'a36b8b1cd5757287168e54b817830adce9b0158d', time: '2016-06-30 19:26:09'
System info: host: 'DESKTOP-H258E1F', ip: '172.16.16.118', os.name: 'Windows 10', os.arch: 'amd64', os.version: '10.0', java.version: '16.0.1'
Driver info: io.appium.java_client.android.AndroidDriver
Capabilities [{appPackage=com.androidsample.generalstore, statBarHeight=95, viewportRect={top=95, left=0, width=1080, height=2080}, deviceName=db4cf023, UDID=db4cf023, platform=LINUX, deviceUDID=db4cf023, desired={app=C:\\Users\\Admin\\Downloads\\General-Store.apk, noreset=true, platformVersion=10, automationName=appium, platformName=Android, deviceName=POCO X2, UDID=db4cf023}, platformVersion=10, webStorageEnabled=false, automationName=appium, takesScreenshot=true, javascriptEnabled=true, platformName=Android, deviceApiLevel=29, deviceManufacturer=Xiaomi, app=C:\\Users\\Admin\\Downloads\\General-Store.apk, deviceScreenSize=1080x2400, networkConnectionEnabled=true, noreset=true, warnings={}, databaseEnabled=false, pixelRatio=2.75, locationContextEnabled=false, deviceScreenDensity=440, deviceModel=POCO X2}]
Session ID: cd3f6090-20c6-4a4c-b291-772cab979de4
at java.base/jdk.internal.reflect.NativeConstructorAccessorImpl.newInstance0(Native Method)
at java.base/jdk.internal.reflect.NativeConstructorAccessorImpl.newInstance(NativeConstructorAccessorImpl.java:78)
at java.base/jdk.internal.reflect.DelegatingConstructorAccessorImpl.newInstance(DelegatingConstructorAccessorImpl.java:45)
at java.base/java.lang.reflect.Constructor.newInstanceWithCaller(Constructor.java:499)
at java.base/java.lang.reflect.Constructor.newInstance(Constructor.java:480)
at org.openqa.selenium.remote.ErrorHandler.createThrowable(ErrorHandler.java:206)
at org.openqa.selenium.remote.ErrorHandler.throwIfResponseFailed(ErrorHandler.java:158)
at org.openqa.selenium.remote.RemoteWebDriver.execute(RemoteWebDriver.java:678)
at io.appium.java_client.DefaultGenericMobileDriver.execute(DefaultGenericMobileDriver.java:40)
at io.appium.java_client.AppiumDriver.execute(AppiumDriver.java:1)
at io.appium.java_client.android.AndroidDriver.execute(AndroidDriver.java:1)
at io.appium.java_client.CommandExecutionHelper.execute(CommandExecutionHelper.java:32)
at io.appium.java_client.android.AndroidDriver.setConnection(AndroidDriver.java:230)
at com.webdrivermethods.NetworkConnection.network(NetworkConnection.java:38)
at java.base/jdk.internal.reflect.NativeMethodAccessorImpl.invoke0(Native Method)
at java.base/jdk.internal.reflect.NativeMethodAccessorImpl.invoke(NativeMethodAccessorImpl.java:78)
at java.base/jdk.internal.reflect.DelegatingMethodAccessorImpl.invoke(DelegatingMethodAccessorImpl.java:43)
at java.base/java.lang.reflect.Method.invoke(Method.java:567)
at org.testng.internal.MethodInvocationHelper.invokeMethod(MethodInvocationHelper.java:133)
at org.testng.internal.TestInvoker.invokeMethod(TestInvoker.java:598)
at org.testng.internal.TestInvoker.invokeTestMethod(TestInvoker.java:173)
at org.testng.internal.MethodRunner.runInSequence(MethodRunner.java:46)
at org.testng.internal.TestInvoker$MethodInvocationAgent.invoke(TestInvoker.java:824)
at org.testng.internal.TestInvoker.invokeTestMethods(TestInvoker.java:146)
at org.testng.internal.TestMethodWorker.invokeTestMethods(TestMethodWorker.java:146)
at org.testng.internal.TestMethodWorker.run(TestMethodWorker.java:128)
at java.base/java.util.ArrayList.forEach(ArrayList.java:1511)
at org.testng.TestRunner.privateRun(TestRunner.java:794)
at org.testng.TestRunner.run(TestRunner.java:596)
at org.testng.SuiteRunner.runTest(SuiteRunner.java:377)
at org.testng.SuiteRunner.runSequentially(SuiteRunner.java:371)
at org.testng.SuiteRunner.privateRun(SuiteRunner.java:332)
at org.testng.SuiteRunner.run(SuiteRunner.java:276)
at org.testng.SuiteRunnerWorker.runSuite(SuiteRunnerWorker.java:53)
at org.testng.SuiteRunnerWorker.run(SuiteRunnerWorker.java:96)
at org.testng.TestNG.runSuitesSequentially(TestNG.java:1212)
at org.testng.TestNG.runSuitesLocally(TestNG.java:1134)
at org.testng.TestNG.runSuites(TestNG.java:1063)
at org.testng.TestNG.run(TestNG.java:1031)
at org.testng.remote.AbstractRemoteTestNG.run(AbstractRemoteTestNG.java:115)
at org.testng.remote.RemoteTestNG.initAndRun(RemoteTestNG.java:251)
at org.testng.remote.RemoteTestNG.main(RemoteTestNG.java:77)
]]>
    </error>
  </testcase> <!-- network -->
  <system-out/>
</testsuite> <!-- com.webdrivermethods.NetworkConnection -->
