<?xml version="1.0" encoding="UTF-8"?>
<!-- Generated by org.testng.reporters.JUnitReportReporter -->
<testsuite hostname="DESKTOP-H258E1F" failures="0" tests="1" name="com.Web.TakeScreenshot" time="52.546" errors="0" timestamp="2021-09-13T12:01:18 IST" skipped="0">
  <testcase classname="com.Web.TakeScreenshot" name="orientation" time="52.546"/>
  <system-out/>
</testsuite> <!-- com.Web.TakeScreenshot -->
