<?xml version="1.0" encoding="UTF-8"?>
<!-- Generated by org.testng.reporters.JUnitReportReporter -->
<testsuite hostname="DESKTOP-H258E1F" failures="0" tests="1" name="com.appium.UninstallApp" time="11.451" errors="0" timestamp="2021-09-08T13:46:40 IST" skipped="0">
  <testcase classname="com.appium.UninstallApp" name="demo" time="11.451"/>
  <system-out/>
</testsuite> <!-- com.appium.UninstallApp -->
