<?xml version="1.0" encoding="UTF-8"?>
<!-- Generated by org.testng.reporters.JUnitReportReporter -->
<testsuite hostname="DESKTOP-H258E1F" failures="0" tests="1" name="com.appium.Zoom" time="18.877" errors="0" timestamp="2021-09-08T15:36:48 IST" skipped="0">
  <testcase classname="com.appium.Zoom" name="zoom" time="18.877"/>
  <system-out/>
</testsuite> <!-- com.appium.Zoom -->
