<?xml version="1.0" encoding="UTF-8"?>
<!-- Generated by org.testng.reporters.JUnitReportReporter -->
<testsuite hostname="DESKTOP-H258E1F" failures="0" tests="1" name="com.webdrivermethods.RunAppInBackground" time="21.833" errors="0" timestamp="2021-10-01T19:26:01 IST" skipped="0">
  <testcase classname="com.webdrivermethods.RunAppInBackground" name="runappback" time="21.833"/>
  <system-out/>
</testsuite> <!-- com.webdrivermethods.RunAppInBackground -->
