<?xml version="1.0" encoding="UTF-8"?>
<!-- Generated by org.testng.reporters.JUnitReportReporter -->
<testsuite hostname="DESKTOP-H258E1F" failures="0" tests="1" name="com.webdrivermethods.Orientation" time="18.711" errors="0" timestamp="2021-10-01T19:22:03 IST" skipped="0">
  <testcase classname="com.webdrivermethods.Orientation" name="orientation" time="18.711"/>
  <system-out/>
</testsuite> <!-- com.webdrivermethods.Orientation -->
