<?xml version="1.0" encoding="UTF-8"?>
<!-- Generated by org.testng.reporters.JUnitReportReporter -->
<testsuite hostname="DESKTOP-H258E1F" failures="0" tests="1" name="com.appium.LaunchCalendar" time="16.521" errors="0" timestamp="2021-09-07T16:49:42 IST" skipped="0">
  <testcase classname="com.appium.LaunchCalendar" name="LaunchCalendar" time="16.521"/>
  <system-out/>
</testsuite> <!-- com.appium.LaunchCalendar -->
