<?xml version="1.0" encoding="UTF-8"?>
<!-- Generated by org.testng.reporters.JUnitReportReporter -->
<testsuite hostname="DESKTOP-H258E1F" failures="0" tests="1" name="com.appium.New" time="40.730" errors="0" timestamp="2021-09-07T19:43:07 IST" skipped="0">
  <testcase classname="com.appium.New" name="demo" time="40.730"/>
  <system-out/>
</testsuite> <!-- com.appium.New -->
