<?xml version="1.0" encoding="UTF-8"?>
<!-- Generated by org.testng.reporters.JUnitReportReporter -->
<testsuite hostname="DESKTOP-H258E1F" failures="0" tests="1" name="com.webdrivermethods.Notification" time="21.810" errors="0" timestamp="2021-10-01T19:19:58 IST" skipped="0">
  <testcase classname="com.webdrivermethods.Notification" name="notification" time="21.810"/>
  <system-out/>
</testsuite> <!-- com.webdrivermethods.Notification -->
