<?xml version="1.0" encoding="UTF-8"?>
<!-- Generated by org.testng.reporters.JUnitReportReporter -->
<testsuite hostname="DESKTOP-H258E1F" failures="0" tests="1" name="com.appium.LaunchCalculator" time="21.231" errors="0" timestamp="2021-09-07T16:23:36 IST" skipped="0">
  <testcase classname="com.appium.LaunchCalculator" name="launchcalculator" time="21.231"/>
  <system-out/>
</testsuite> <!-- com.appium.LaunchCalculator -->
