<?xml version="1.0" encoding="UTF-8"?>
<!-- Generated by org.testng.reporters.JUnitReportReporter -->
<testsuite hostname="DESKTOP-H258E1F" failures="0" tests="1" name="com.appium.TapOnElement" time="26.208" errors="0" timestamp="2021-09-08T12:22:43 IST" skipped="0">
  <testcase classname="com.appium.TapOnElement" name="launchcalculator" time="26.208"/>
  <system-out/>
</testsuite> <!-- com.appium.TapOnElement -->
